2024-11-26 13:46:05.502 CST [2880930] LOG:  starting PostgreSQL 13.10 on x86_64-pc-linux-gnu, compiled by gcc (Ubuntu 11.4.0-2ubuntu1~20.04) 11.4.0, 64-bit
2024-11-26 13:46:05.502 CST [2880930] LOG:  listening on IPv4 address "127.0.0.1", port 33333
2024-11-26 13:46:05.504 CST [2880930] LOG:  listening on Unix socket "/tmp/.s.PGSQL.33333"
2024-11-26 13:46:05.508 CST [2880935] LOG:  database system was shut down at 2024-11-26 10:37:15 CST
2024-11-26 13:46:05.511 CST [2880930] LOG:  database system is ready to accept connections
2024-11-26 13:46:19.146 CST [2881101] LOG:  statement: SELECT n.nspname as "Schema",
	  c.relname as "Name",
	  CASE c.relkind WHEN 'r' THEN 'table' WHEN 'v' THEN 'view' WHEN 'm' THEN 'materialized view' WHEN 'i' THEN 'index' WHEN 'S' THEN 'sequence' WHEN 's' THEN 'special' WHEN 'f' THEN 'foreign table' WHEN 'p' THEN 'partitioned table' WHEN 'I' THEN 'partitioned index' END as "Type",
	  pg_catalog.pg_get_userbyid(c.relowner) as "Owner"
	FROM pg_catalog.pg_class c
	     LEFT JOIN pg_catalog.pg_namespace n ON n.oid = c.relnamespace
	WHERE c.relkind IN ('r','p','v','m','S','f','')
	      AND n.nspname <> 'pg_catalog'
	      AND n.nspname <> 'information_schema'
	      AND n.nspname !~ '^pg_toast'
	  AND pg_catalog.pg_table_is_visible(c.oid)
	ORDER BY 1,2;
2024-11-26 13:46:19.159 CST [2881101] LOG:  duration: 2.038 ms  plan:
	{
	  "Query Text": "SELECT n.nspname as \"Schema\",\n  c.relname as \"Name\",\n  CASE c.relkind WHEN 'r' THEN 'table' WHEN 'v' THEN 'view' WHEN 'm' THEN 'materialized view' WHEN 'i' THEN 'index' WHEN 'S' THEN 'sequence' WHEN 's' THEN 'special' WHEN 'f' THEN 'foreign table' WHEN 'p' THEN 'partitioned table' WHEN 'I' THEN 'partitioned index' END as \"Type\",\n  pg_catalog.pg_get_userbyid(c.relowner) as \"Owner\"\nFROM pg_catalog.pg_class c\n     LEFT JOIN pg_catalog.pg_namespace n ON n.oid = c.relnamespace\nWHERE c.relkind IN ('r','p','v','m','S','f','')\n      AND n.nspname <> 'pg_catalog'\n      AND n.nspname <> 'information_schema'\n      AND n.nspname !~ '^pg_toast'\n  AND pg_catalog.pg_table_is_visible(c.oid)\nORDER BY 1,2;",
	  "Plan": {
	    "Node Type": "Sort",
	    "Parallel Aware": false,
	    "Startup Cost": 32.93,
	    "Total Cost": 33.01,
	    "Plan Rows": 32,
	    "Plan Width": 224,
	    "Actual Startup Time": 2.018,
	    "Actual Total Time": 2.022,
	    "Actual Rows": 1,
	    "Actual Loops": 1,
	    "Output": ["n.nspname", "c.relname", "(CASE c.relkind WHEN 'r'::\"char\" THEN 'table'::text WHEN 'v'::\"char\" THEN 'view'::text WHEN 'm'::\"char\" THEN 'materialized view'::text WHEN 'i'::\"char\" THEN 'index'::text WHEN 'S'::\"char\" THEN 'sequence'::text WHEN 's'::\"char\" THEN 'special'::text WHEN 'f'::\"char\" THEN 'foreign table'::text WHEN 'p'::\"char\" THEN 'partitioned table'::text WHEN 'I'::\"char\" THEN 'partitioned index'::text ELSE NULL::text END)", "(pg_get_userbyid(c.relowner))"],
	    "Sort Key": ["n.nspname", "c.relname"],
	    "Sort Method": "quicksort",
	    "Sort Space Used": 25,
	    "Sort Space Type": "Memory",
	    "Shared Hit Blocks": 571,
	    "Shared Read Blocks": 6,
	    "Shared Dirtied Blocks": 0,
	    "Shared Written Blocks": 0,
	    "Local Hit Blocks": 0,
	    "Local Read Blocks": 0,
	    "Local Dirtied Blocks": 0,
	    "Local Written Blocks": 0,
	    "Temp Read Blocks": 0,
	    "Temp Written Blocks": 0,
	    "WAL Records": 0,
	    "WAL FPI": 0,
	    "WAL Bytes": 0,
	    "Plans": [
	      {
	        "Node Type": "Hash Join",
	        "Parent Relationship": "Outer",
	        "Parallel Aware": false,
	        "Join Type": "Inner",
	        "Startup Cost": 1.09,
	        "Total Cost": 32.13,
	        "Plan Rows": 32,
	        "Plan Width": 224,
	        "Actual Startup Time": 0.419,
	        "Actual Total Time": 1.955,
	        "Actual Rows": 1,
	        "Actual Loops": 1,
	        "Output": ["n.nspname", "c.relname", "CASE c.relkind WHEN 'r'::\"char\" THEN 'table'::text WHEN 'v'::\"char\" THEN 'view'::text WHEN 'm'::\"char\" THEN 'materialized view'::text WHEN 'i'::\"char\" THEN 'index'::text WHEN 'S'::\"char\" THEN 'sequence'::text WHEN 's'::\"char\" THEN 'special'::text WHEN 'f'::\"char\" THEN 'foreign table'::text WHEN 'p'::\"char\" THEN 'partitioned table'::text WHEN 'I'::\"char\" THEN 'partitioned index'::text ELSE NULL::text END", "pg_get_userbyid(c.relowner)"],
	        "Inner Unique": true,
	        "Hash Cond": "(c.relnamespace = n.oid)",
	        "Shared Hit Blocks": 568,
	        "Shared Read Blocks": 6,
	        "Shared Dirtied Blocks": 0,
	        "Shared Written Blocks": 0,
	        "Local Hit Blocks": 0,
	        "Local Read Blocks": 0,
	        "Local Dirtied Blocks": 0,
	        "Local Written Blocks": 0,
	        "Temp Read Blocks": 0,
	        "Temp Written Blocks": 0,
	        "WAL Records": 0,
	        "WAL FPI": 0,
	        "WAL Bytes": 0,
	        "Plans": [
	          {
	            "Node Type": "Seq Scan",
	            "Parent Relationship": "Outer",
	            "Parallel Aware": false,
	            "Relation Name": "pg_class",
	            "Schema": "pg_catalog",
	            "Alias": "c",
	            "Startup Cost": 0.00,
	            "Total Cost": 29.89,
	            "Plan Rows": 65,
	            "Plan Width": 73,
	            "Actual Startup Time": 0.050,
	            "Actual Total Time": 1.537,
	            "Actual Rows": 130,
	            "Actual Loops": 1,
	            "Output": ["c.oid", "c.relname", "c.relnamespace", "c.reltype", "c.reloftype", "c.relowner", "c.relam", "c.relfilenode", "c.reltablespace", "c.relpages", "c.reltuples", "c.relallvisible", "c.reltoastrelid", "c.relhasindex", "c.relisshared", "c.relpersistence", "c.relkind", "c.relnatts", "c.relchecks", "c.relhasrules", "c.relhastriggers", "c.relhassubclass", "c.relrowsecurity", "c.relforcerowsecurity", "c.relispopulated", "c.relreplident", "c.relispartition", "c.relrewrite", "c.relfrozenxid", "c.relminmxid", "c.relacl", "c.reloptions", "c.relpartbound"],
	            "Filter": "((c.relkind = ANY ('{r,p,v,m,S,f,\"\"}'::\"char\"[])) AND pg_table_is_visible(c.oid))",
	            "Rows Removed by Filter": 257,
	            "Shared Hit Blocks": 564,
	            "Shared Read Blocks": 6,
	            "Shared Dirtied Blocks": 0,
	            "Shared Written Blocks": 0,
	            "Local Hit Blocks": 0,
	            "Local Read Blocks": 0,
	            "Local Dirtied Blocks": 0,
	            "Local Written Blocks": 0,
	            "Temp Read Blocks": 0,
	            "Temp Written Blocks": 0,
	            "WAL Records": 0,
	            "WAL FPI": 0,
	            "WAL Bytes": 0
	          },
	          {
	            "Node Type": "Hash",
	            "Parent Relationship": "Inner",
	            "Parallel Aware": false,
	            "Startup Cost": 1.07,
	            "Total Cost": 1.07,
	            "Plan Rows": 2,
	            "Plan Width": 68,
	            "Actual Startup Time": 0.105,
	            "Actual Total Time": 0.106,
	            "Actual Rows": 1,
	            "Actual Loops": 1,
	            "Output": ["n.nspname", "n.oid"],
	            "Hash Buckets": 1024,
	            "Original Hash Buckets": 1024,
	            "Hash Batches": 1,
	            "Original Hash Batches": 1,
	            "Peak Memory Usage": 9,
	            "Shared Hit Blocks": 1,
	            "Shared Read Blocks": 0,
	            "Shared Dirtied Blocks": 0,
	            "Shared Written Blocks": 0,
	            "Local Hit Blocks": 0,
	            "Local Read Blocks": 0,
	            "Local Dirtied Blocks": 0,
	            "Local Written Blocks": 0,
	            "Temp Read Blocks": 0,
	            "Temp Written Blocks": 0,
	            "WAL Records": 0,
	            "WAL FPI": 0,
	            "WAL Bytes": 0,
	            "Plans": [
	              {
	                "Node Type": "Seq Scan",
	                "Parent Relationship": "Outer",
	                "Parallel Aware": false,
	                "Relation Name": "pg_namespace",
	                "Schema": "pg_catalog",
	                "Alias": "n",
	                "Startup Cost": 0.00,
	                "Total Cost": 1.07,
	                "Plan Rows": 2,
	                "Plan Width": 68,
	                "Actual Startup Time": 0.044,
	                "Actual Total Time": 0.045,
	                "Actual Rows": 1,
	                "Actual Loops": 1,
	                "Output": ["n.nspname", "n.oid"],
	                "Filter": "((n.nspname <> 'pg_catalog'::name) AND (n.nspname <> 'information_schema'::name) AND (n.nspname !~ '^pg_toast'::text))",
	                "Rows Removed by Filter": 3,
	                "Shared Hit Blocks": 1,
	                "Shared Read Blocks": 0,
	                "Shared Dirtied Blocks": 0,
	                "Shared Written Blocks": 0,
	                "Local Hit Blocks": 0,
	                "Local Read Blocks": 0,
	                "Local Dirtied Blocks": 0,
	                "Local Written Blocks": 0,
	                "Temp Read Blocks": 0,
	                "Temp Written Blocks": 0,
	                "WAL Records": 0,
	                "WAL FPI": 0,
	                "WAL Bytes": 0
	              }
	            ]
	          }
	        ]
	      }
	    ]
	  }
	}
2024-11-26 13:47:05.678 CST [2881101] LOG:  statement: create table t ( id int , t_name char (3));
2024-11-26 13:47:05.678 CST [2881101] ERROR:  relation "t" already exists
2024-11-26 13:47:05.678 CST [2881101] STATEMENT:  create table t ( id int , t_name char (3));
2024-11-26 13:47:43.344 CST [2881101] LOG:  statement: CREATE TABLE d (a INT,b INT,c INT);
2024-11-26 13:48:17.930 CST [2881101] LOG:  statement: select t.a,t.b,t.c from t,d where t.a = d.a;
2024-11-26 13:48:17.932 CST [2881101] LOG:  duration: 0.432 ms  plan:
	{
	  "Query Text": "select t.a,t.b,t.c from t,d where t.a = d.a;",
	  "Plan": {
	    "Node Type": "Merge Join",
	    "Parallel Aware": false,
	    "Join Type": "Inner",
	    "Startup Cost": 285.08,
	    "Total Cost": 607.40,
	    "Plan Rows": 20808,
	    "Plan Width": 12,
	    "Actual Startup Time": 0.423,
	    "Actual Total Time": 0.426,
	    "Actual Rows": 0,
	    "Actual Loops": 1,
	    "Output": ["t.a", "t.b", "t.c"],
	    "Inner Unique": false,
	    "Merge Cond": "(t.a = d.a)",
	    "Shared Hit Blocks": 4,
	    "Shared Read Blocks": 1,
	    "Shared Dirtied Blocks": 0,
	    "Shared Written Blocks": 0,
	    "Local Hit Blocks": 0,
	    "Local Read Blocks": 0,
	    "Local Dirtied Blocks": 0,
	    "Local Written Blocks": 0,
	    "Temp Read Blocks": 0,
	    "Temp Written Blocks": 0,
	    "WAL Records": 0,
	    "WAL FPI": 0,
	    "WAL Bytes": 0,
	    "Plans": [
	      {
	        "Node Type": "Sort",
	        "Parent Relationship": "Outer",
	        "Parallel Aware": false,
	        "Startup Cost": 142.54,
	        "Total Cost": 147.64,
	        "Plan Rows": 2040,
	        "Plan Width": 12,
	        "Actual Startup Time": 0.413,
	        "Actual Total Time": 0.414,
	        "Actual Rows": 1,
	        "Actual Loops": 1,
	        "Output": ["t.a", "t.b", "t.c"],
	        "Sort Key": ["t.a"],
	        "Sort Method": "quicksort",
	        "Sort Space Used": 25,
	        "Sort Space Type": "Memory",
	        "Shared Hit Blocks": 4,
	        "Shared Read Blocks": 1,
	        "Shared Dirtied Blocks": 0,
	        "Shared Written Blocks": 0,
	        "Local Hit Blocks": 0,
	        "Local Read Blocks": 0,
	        "Local Dirtied Blocks": 0,
	        "Local Written Blocks": 0,
	        "Temp Read Blocks": 0,
	        "Temp Written Blocks": 0,
	        "WAL Records": 0,
	        "WAL FPI": 0,
	        "WAL Bytes": 0,
	        "Plans": [
	          {
	            "Node Type": "Seq Scan",
	            "Parent Relationship": "Outer",
	            "Parallel Aware": false,
	            "Relation Name": "t",
	            "Schema": "public",
	            "Alias": "t",
	            "Startup Cost": 0.00,
	            "Total Cost": 30.40,
	            "Plan Rows": 2040,
	            "Plan Width": 12,
	            "Actual Startup Time": 0.386,
	            "Actual Total Time": 0.389,
	            "Actual Rows": 4,
	            "Actual Loops": 1,
	            "Output": ["t.a", "t.b", "t.c"],
	            "Shared Hit Blocks": 0,
	            "Shared Read Blocks": 1,
	            "Shared Dirtied Blocks": 0,
	            "Shared Written Blocks": 0,
	            "Local Hit Blocks": 0,
	            "Local Read Blocks": 0,
	            "Local Dirtied Blocks": 0,
	            "Local Written Blocks": 0,
	            "Temp Read Blocks": 0,
	            "Temp Written Blocks": 0,
	            "WAL Records": 0,
	            "WAL FPI": 0,
	            "WAL Bytes": 0
	          }
	        ]
	      },
	      {
	        "Node Type": "Sort",
	        "Parent Relationship": "Inner",
	        "Parallel Aware": false,
	        "Startup Cost": 142.54,
	        "Total Cost": 147.64,
	        "Plan Rows": 2040,
	        "Plan Width": 4,
	        "Actual Startup Time": 0.007,
	        "Actual Total Time": 0.007,
	        "Actual Rows": 0,
	        "Actual Loops": 1,
	        "Output": ["d.a"],
	        "Sort Key": ["d.a"],
	        "Sort Method": "quicksort",
	        "Sort Space Used": 25,
	        "Sort Space Type": "Memory",
	        "Shared Hit Blocks": 0,
	        "Shared Read Blocks": 0,
	        "Shared Dirtied Blocks": 0,
	        "Shared Written Blocks": 0,
	        "Local Hit Blocks": 0,
	        "Local Read Blocks": 0,
	        "Local Dirtied Blocks": 0,
	        "Local Written Blocks": 0,
	        "Temp Read Blocks": 0,
	        "Temp Written Blocks": 0,
	        "WAL Records": 0,
	        "WAL FPI": 0,
	        "WAL Bytes": 0,
	        "Plans": [
	          {
	            "Node Type": "Seq Scan",
	            "Parent Relationship": "Outer",
	            "Parallel Aware": false,
	            "Relation Name": "d",
	            "Schema": "public",
	            "Alias": "d",
	            "Startup Cost": 0.00,
	            "Total Cost": 30.40,
	            "Plan Rows": 2040,
	            "Plan Width": 4,
	            "Actual Startup Time": 0.002,
	            "Actual Total Time": 0.002,
	            "Actual Rows": 0,
	            "Actual Loops": 1,
	            "Output": ["d.a"],
	            "Shared Hit Blocks": 0,
	            "Shared Read Blocks": 0,
	            "Shared Dirtied Blocks": 0,
	            "Shared Written Blocks": 0,
	            "Local Hit Blocks": 0,
	            "Local Read Blocks": 0,
	            "Local Dirtied Blocks": 0,
	            "Local Written Blocks": 0,
	            "Temp Read Blocks": 0,
	            "Temp Written Blocks": 0,
	            "WAL Records": 0,
	            "WAL FPI": 0,
	            "WAL Bytes": 0
	          }
	        ]
	      }
	    ]
	  }
	}
2024-11-26 13:57:45.479 CST [2881101] LOG:  statement: select t.a,t.b,t.c from t left join d on t.a = d.a;
2024-11-26 13:57:45.480 CST [2881101] LOG:  duration: 0.051 ms  plan:
	{
	  "Query Text": "select t.a,t.b,t.c from t left join d on t.a = d.a;",
	  "Plan": {
	    "Node Type": "Merge Join",
	    "Parallel Aware": false,
	    "Join Type": "Left",
	    "Startup Cost": 285.08,
	    "Total Cost": 607.40,
	    "Plan Rows": 20808,
	    "Plan Width": 12,
	    "Actual Startup Time": 0.032,
	    "Actual Total Time": 0.037,
	    "Actual Rows": 4,
	    "Actual Loops": 1,
	    "Output": ["t.a", "t.b", "t.c"],
	    "Inner Unique": false,
	    "Merge Cond": "(t.a = d.a)",
	    "Shared Hit Blocks": 1,
	    "Shared Read Blocks": 0,
	    "Shared Dirtied Blocks": 0,
	    "Shared Written Blocks": 0,
	    "Local Hit Blocks": 0,
	    "Local Read Blocks": 0,
	    "Local Dirtied Blocks": 0,
	    "Local Written Blocks": 0,
	    "Temp Read Blocks": 0,
	    "Temp Written Blocks": 0,
	    "WAL Records": 0,
	    "WAL FPI": 0,
	    "WAL Bytes": 0,
	    "Plans": [
	      {
	        "Node Type": "Sort",
	        "Parent Relationship": "Outer",
	        "Parallel Aware": false,
	        "Startup Cost": 142.54,
	        "Total Cost": 147.64,
	        "Plan Rows": 2040,
	        "Plan Width": 12,
	        "Actual Startup Time": 0.022,
	        "Actual Total Time": 0.024,
	        "Actual Rows": 4,
	        "Actual Loops": 1,
	        "Output": ["t.a", "t.b", "t.c"],
	        "Sort Key": ["t.a"],
	        "Sort Method": "quicksort",
	        "Sort Space Used": 25,
	        "Sort Space Type": "Memory",
	        "Shared Hit Blocks": 1,
	        "Shared Read Blocks": 0,
	        "Shared Dirtied Blocks": 0,
	        "Shared Written Blocks": 0,
	        "Local Hit Blocks": 0,
	        "Local Read Blocks": 0,
	        "Local Dirtied Blocks": 0,
	        "Local Written Blocks": 0,
	        "Temp Read Blocks": 0,
	        "Temp Written Blocks": 0,
	        "WAL Records": 0,
	        "WAL FPI": 0,
	        "WAL Bytes": 0,
	        "Plans": [
	          {
	            "Node Type": "Seq Scan",
	            "Parent Relationship": "Outer",
	            "Parallel Aware": false,
	            "Relation Name": "t",
	            "Schema": "public",
	            "Alias": "t",
	            "Startup Cost": 0.00,
	            "Total Cost": 30.40,
	            "Plan Rows": 2040,
	            "Plan Width": 12,
	            "Actual Startup Time": 0.010,
	            "Actual Total Time": 0.013,
	            "Actual Rows": 4,
	            "Actual Loops": 1,
	            "Output": ["t.a", "t.b", "t.c"],
	            "Shared Hit Blocks": 1,
	            "Shared Read Blocks": 0,
	            "Shared Dirtied Blocks": 0,
	            "Shared Written Blocks": 0,
	            "Local Hit Blocks": 0,
	            "Local Read Blocks": 0,
	            "Local Dirtied Blocks": 0,
	            "Local Written Blocks": 0,
	            "Temp Read Blocks": 0,
	            "Temp Written Blocks": 0,
	            "WAL Records": 0,
	            "WAL FPI": 0,
	            "WAL Bytes": 0
	          }
	        ]
	      },
	      {
	        "Node Type": "Sort",
	        "Parent Relationship": "Inner",
	        "Parallel Aware": false,
	        "Startup Cost": 142.54,
	        "Total Cost": 147.64,
	        "Plan Rows": 2040,
	        "Plan Width": 4,
	        "Actual Startup Time": 0.004,
	        "Actual Total Time": 0.004,
	        "Actual Rows": 0,
	        "Actual Loops": 1,
	        "Output": ["d.a"],
	        "Sort Key": ["d.a"],
	        "Sort Method": "quicksort",
	        "Sort Space Used": 25,
	        "Sort Space Type": "Memory",
	        "Shared Hit Blocks": 0,
	        "Shared Read Blocks": 0,
	        "Shared Dirtied Blocks": 0,
	        "Shared Written Blocks": 0,
	        "Local Hit Blocks": 0,
	        "Local Read Blocks": 0,
	        "Local Dirtied Blocks": 0,
	        "Local Written Blocks": 0,
	        "Temp Read Blocks": 0,
	        "Temp Written Blocks": 0,
	        "WAL Records": 0,
	        "WAL FPI": 0,
	        "WAL Bytes": 0,
	        "Plans": [
	          {
	            "Node Type": "Seq Scan",
	            "Parent Relationship": "Outer",
	            "Parallel Aware": false,
	            "Relation Name": "d",
	            "Schema": "public",
	            "Alias": "d",
	            "Startup Cost": 0.00,
	            "Total Cost": 30.40,
	            "Plan Rows": 2040,
	            "Plan Width": 4,
	            "Actual Startup Time": 0.001,
	            "Actual Total Time": 0.001,
	            "Actual Rows": 0,
	            "Actual Loops": 1,
	            "Output": ["d.a"],
	            "Shared Hit Blocks": 0,
	            "Shared Read Blocks": 0,
	            "Shared Dirtied Blocks": 0,
	            "Shared Written Blocks": 0,
	            "Local Hit Blocks": 0,
	            "Local Read Blocks": 0,
	            "Local Dirtied Blocks": 0,
	            "Local Written Blocks": 0,
	            "Temp Read Blocks": 0,
	            "Temp Written Blocks": 0,
	            "WAL Records": 0,
	            "WAL FPI": 0,
	            "WAL Bytes": 0
	          }
	        ]
	      }
	    ]
	  }
	}
2024-11-26 14:54:21.421 CST [2881101] LOG:  statement: select t.a,t.b,t.c from t left join (select * from d) as kk on t.a = d.a;
2024-11-26 14:54:21.422 CST [2881101] ERROR:  missing FROM-clause entry for table "d" at character 70
2024-11-26 14:54:21.422 CST [2881101] STATEMENT:  select t.a,t.b,t.c from t left join (select * from d) as kk on t.a = d.a;
2024-11-26 14:54:39.564 CST [2881101] LOG:  statement: select t.a,t.b,t.c from t left join (select * from d) as kk on t.a = kk.a;
2024-11-26 14:54:39.567 CST [2881101] LOG:  duration: 0.088 ms  plan:
	{
	  "Query Text": "select t.a,t.b,t.c from t left join (select * from d) as kk on t.a = kk.a;",
	  "Plan": {
	    "Node Type": "Merge Join",
	    "Parallel Aware": false,
	    "Join Type": "Left",
	    "Startup Cost": 285.08,
	    "Total Cost": 607.40,
	    "Plan Rows": 20808,
	    "Plan Width": 12,
	    "Actual Startup Time": 0.064,
	    "Actual Total Time": 0.071,
	    "Actual Rows": 4,
	    "Actual Loops": 1,
	    "Output": ["t.a", "t.b", "t.c"],
	    "Inner Unique": false,
	    "Merge Cond": "(t.a = d.a)",
	    "Shared Hit Blocks": 1,
	    "Shared Read Blocks": 0,
	    "Shared Dirtied Blocks": 0,
	    "Shared Written Blocks": 0,
	    "Local Hit Blocks": 0,
	    "Local Read Blocks": 0,
	    "Local Dirtied Blocks": 0,
	    "Local Written Blocks": 0,
	    "Temp Read Blocks": 0,
	    "Temp Written Blocks": 0,
	    "WAL Records": 0,
	    "WAL FPI": 0,
	    "WAL Bytes": 0,
	    "Plans": [
	      {
	        "Node Type": "Sort",
	        "Parent Relationship": "Outer",
	        "Parallel Aware": false,
	        "Startup Cost": 142.54,
	        "Total Cost": 147.64,
	        "Plan Rows": 2040,
	        "Plan Width": 12,
	        "Actual Startup Time": 0.037,
	        "Actual Total Time": 0.039,
	        "Actual Rows": 4,
	        "Actual Loops": 1,
	        "Output": ["t.a", "t.b", "t.c"],
	        "Sort Key": ["t.a"],
	        "Sort Method": "quicksort",
	        "Sort Space Used": 25,
	        "Sort Space Type": "Memory",
	        "Shared Hit Blocks": 1,
	        "Shared Read Blocks": 0,
	        "Shared Dirtied Blocks": 0,
	        "Shared Written Blocks": 0,
	        "Local Hit Blocks": 0,
	        "Local Read Blocks": 0,
	        "Local Dirtied Blocks": 0,
	        "Local Written Blocks": 0,
	        "Temp Read Blocks": 0,
	        "Temp Written Blocks": 0,
	        "WAL Records": 0,
	        "WAL FPI": 0,
	        "WAL Bytes": 0,
	        "Plans": [
	          {
	            "Node Type": "Seq Scan",
	            "Parent Relationship": "Outer",
	            "Parallel Aware": false,
	            "Relation Name": "t",
	            "Schema": "public",
	            "Alias": "t",
	            "Startup Cost": 0.00,
	            "Total Cost": 30.40,
	            "Plan Rows": 2040,
	            "Plan Width": 12,
	            "Actual Startup Time": 0.017,
	            "Actual Total Time": 0.021,
	            "Actual Rows": 4,
	            "Actual Loops": 1,
	            "Output": ["t.a", "t.b", "t.c"],
	            "Shared Hit Blocks": 1,
	            "Shared Read Blocks": 0,
	            "Shared Dirtied Blocks": 0,
	            "Shared Written Blocks": 0,
	            "Local Hit Blocks": 0,
	            "Local Read Blocks": 0,
	            "Local Dirtied Blocks": 0,
	            "Local Written Blocks": 0,
	            "Temp Read Blocks": 0,
	            "Temp Written Blocks": 0,
	            "WAL Records": 0,
	            "WAL FPI": 0,
	            "WAL Bytes": 0
	          }
	        ]
	      },
	      {
	        "Node Type": "Sort",
	        "Parent Relationship": "Inner",
	        "Parallel Aware": false,
	        "Startup Cost": 142.54,
	        "Total Cost": 147.64,
	        "Plan Rows": 2040,
	        "Plan Width": 4,
	        "Actual Startup Time": 0.019,
	        "Actual Total Time": 0.019,
	        "Actual Rows": 0,
	        "Actual Loops": 1,
	        "Output": ["d.a"],
	        "Sort Key": ["d.a"],
	        "Sort Method": "quicksort",
	        "Sort Space Used": 25,
	        "Sort Space Type": "Memory",
	        "Shared Hit Blocks": 0,
	        "Shared Read Blocks": 0,
	        "Shared Dirtied Blocks": 0,
	        "Shared Written Blocks": 0,
	        "Local Hit Blocks": 0,
	        "Local Read Blocks": 0,
	        "Local Dirtied Blocks": 0,
	        "Local Written Blocks": 0,
	        "Temp Read Blocks": 0,
	        "Temp Written Blocks": 0,
	        "WAL Records": 0,
	        "WAL FPI": 0,
	        "WAL Bytes": 0,
	        "Plans": [
	          {
	            "Node Type": "Seq Scan",
	            "Parent Relationship": "Outer",
	            "Parallel Aware": false,
	            "Relation Name": "d",
	            "Schema": "public",
	            "Alias": "d",
	            "Startup Cost": 0.00,
	            "Total Cost": 30.40,
	            "Plan Rows": 2040,
	            "Plan Width": 4,
	            "Actual Startup Time": 0.001,
	            "Actual Total Time": 0.002,
	            "Actual Rows": 0,
	            "Actual Loops": 1,
	            "Output": ["d.a"],
	            "Shared Hit Blocks": 0,
	            "Shared Read Blocks": 0,
	            "Shared Dirtied Blocks": 0,
	            "Shared Written Blocks": 0,
	            "Local Hit Blocks": 0,
	            "Local Read Blocks": 0,
	            "Local Dirtied Blocks": 0,
	            "Local Written Blocks": 0,
	            "Temp Read Blocks": 0,
	            "Temp Written Blocks": 0,
	            "WAL Records": 0,
	            "WAL FPI": 0,
	            "WAL Bytes": 0
	          }
	        ]
	      }
	    ]
	  }
	}
2024-11-26 14:55:29.188 CST [2881101] LOG:  statement: select t.a,t.b,t.c from t left join (select sum(a),a from d) as kk on t.a = kk.a;
2024-11-26 14:55:29.190 CST [2881101] ERROR:  column "d.a" must appear in the GROUP BY clause or be used in an aggregate function at character 52
2024-11-26 14:55:29.190 CST [2881101] STATEMENT:  select t.a,t.b,t.c from t left join (select sum(a),a from d) as kk on t.a = kk.a;
2024-11-26 14:55:35.767 CST [2881101] LOG:  statement: select t.a,t.b,t.c from t left join (select sum(a),d.a from d) as kk on t.a = kk.a;
2024-11-26 14:55:35.767 CST [2881101] ERROR:  column "d.a" must appear in the GROUP BY clause or be used in an aggregate function at character 52
2024-11-26 14:55:35.767 CST [2881101] STATEMENT:  select t.a,t.b,t.c from t left join (select sum(a),d.a from d) as kk on t.a = kk.a;
2024-11-26 14:55:48.038 CST [2881101] LOG:  statement: select t.a,t.b,t.c from t left join (select sum(a) from d) as kk on t.a = kk.a;
2024-11-26 14:55:48.039 CST [2881101] ERROR:  column kk.a does not exist at character 75
2024-11-26 14:55:48.039 CST [2881101] HINT:  Perhaps you meant to reference the column "t.a".
2024-11-26 14:55:48.039 CST [2881101] STATEMENT:  select t.a,t.b,t.c from t left join (select sum(a) from d) as kk on t.a = kk.a;
2024-11-26 14:55:53.428 CST [2881101] LOG:  statement: select t.a,t.b,t.c from t left join (select sum(d.a) from d) as kk on t.a = kk.a;
2024-11-26 14:55:53.428 CST [2881101] ERROR:  column kk.a does not exist at character 77
2024-11-26 14:55:53.428 CST [2881101] HINT:  Perhaps you meant to reference the column "t.a".
2024-11-26 14:55:53.428 CST [2881101] STATEMENT:  select t.a,t.b,t.c from t left join (select sum(d.a) from d) as kk on t.a = kk.a;
2024-11-26 14:56:00.281 CST [2881101] LOG:  statement: select t.a,t.b,t.c from t left join (select sum(d.a) from d group by a) as kk on t.a = kk.a;
2024-11-26 14:56:00.282 CST [2881101] ERROR:  column kk.a does not exist at character 88
2024-11-26 14:56:00.282 CST [2881101] HINT:  Perhaps you meant to reference the column "t.a".
2024-11-26 14:56:00.282 CST [2881101] STATEMENT:  select t.a,t.b,t.c from t left join (select sum(d.a) from d group by a) as kk on t.a = kk.a;
2024-11-26 14:56:09.754 CST [2881101] LOG:  statement: select t.a,t.b,t.c from t left join (select sum(d.a) from d group by d.a) as kk on t.a = kk.a;
2024-11-26 14:56:09.754 CST [2881101] ERROR:  column kk.a does not exist at character 90
2024-11-26 14:56:09.754 CST [2881101] HINT:  Perhaps you meant to reference the column "t.a".
2024-11-26 14:56:09.754 CST [2881101] STATEMENT:  select t.a,t.b,t.c from t left join (select sum(d.a) from d group by d.a) as kk on t.a = kk.a;
2024-11-26 14:56:26.526 CST [2881101] ERROR:  syntax error at or near ";" at character 80
2024-11-26 14:56:26.526 CST [2881101] STATEMENT:  select t.a,t.b,t.c from t left join (select sum(d.a) from d group by d.a) as kk;
2024-11-26 15:00:32.075 CST [3048586] ERROR:  syntax error at or near ";" at character 80
2024-11-26 15:00:32.075 CST [3048586] STATEMENT:  select t.a,t.b,t.c from t left join (select sum(d.a) from d group by d.a) as kk;
2024-11-26 15:01:04.406 CST [3048586] LOG:  statement: select t.a,t.b,t.c from t left join (select sum(d.a) from d group by d.a) as kk on t.a = kk.sum(d.a);
2024-11-26 15:01:04.407 CST [3048586] ERROR:  missing FROM-clause entry for table "d" at character 97
2024-11-26 15:01:04.407 CST [3048586] STATEMENT:  select t.a,t.b,t.c from t left join (select sum(d.a) from d group by d.a) as kk on t.a = kk.sum(d.a);
2024-11-26 15:02:04.815 CST [2880930] LOG:  received fast shutdown request
2024-11-26 15:02:04.816 CST [2880930] LOG:  aborting any active transactions
2024-11-26 15:02:04.816 CST [3048586] FATAL:  terminating connection due to administrator command
2024-11-26 15:02:04.816 CST [2881101] FATAL:  terminating connection due to administrator command
2024-11-26 15:02:04.817 CST [2880930] LOG:  background worker "logical replication launcher" (PID 2880941) exited with exit code 1
2024-11-26 15:02:04.817 CST [2880936] LOG:  shutting down
2024-11-26 15:02:04.825 CST [2880930] LOG:  database system is shut down
