2024-11-27 15:38:03.693 CST [2973302] LOG:  starting PostgreSQL 13.10 on x86_64-pc-linux-gnu, compiled by gcc (Ubuntu 11.4.0-2ubuntu1~20.04) 11.4.0, 64-bit
2024-11-27 15:38:03.693 CST [2973302] LOG:  listening on IPv4 address "127.0.0.1", port 33333
2024-11-27 15:38:03.695 CST [2973302] LOG:  listening on Unix socket "/tmp/.s.PGSQL.33333"
2024-11-27 15:38:03.698 CST [2973313] LOG:  database system was shut down at 2024-11-27 15:35:27 CST
2024-11-27 15:38:03.701 CST [2973302] LOG:  database system is ready to accept connections
2024-11-27 15:38:11.314 CST [2973458] LOG:  statement: select a, sum(b) from t group by a having a > 10 and max(c) > 10;
2024-11-27 15:38:11.317 CST [2973458] LOG:  duration: 0.062 ms  plan:
	{
	  "Query Text": "select a, sum(b) from t group by a having a > 10 and max(c) > 10;",
	"Plan": {
	    "Node Type": "Aggregate",
	    "Strategy": "Hashed",
	    "Partial Mode": "Simple",
	    "Parallel Aware": false,
	    "Startup Cost": 40.60,
	    "Total Cost": 43.06,
	    "Plan Rows": 66,
	    "Plan Width": 12,
	    "Actual Startup Time": 0.034,
	    "Actual Total Time": 0.039,
	    "Actual Rows": 2,
	    "Actual Loops": 1,
	    "Output": ["a", "sum(b)"],
	    "Group Key": ["t.a"],
	    "Filter": "(max(t.c) > 10)",
	    "Planned Partitions": 0,
	    "HashAgg Batches": 1,
	    "Peak Memory Usage": 40,
	    "Disk Usage": 0,
	    "Rows Removed by Filter": 0,
	    "Shared Hit Blocks": 0,
	    "Shared Read Blocks": 1,
	    "Shared Dirtied Blocks": 0,
	    "Shared Written Blocks": 0,
	    "Local Hit Blocks": 0,
	    "Local Read Blocks": 0,
	    "Local Dirtied Blocks": 0,
	    "Local Written Blocks": 0,
	    "Temp Read Blocks": 0,
	    "Temp Written Blocks": 0,
	    "WAL Records": 0,
	    "WAL FPI": 0,
	    "WAL Bytes": 0,
	"Plans": [
	{
	        "Node Type": "Seq Scan",
	        "Parent Relationship": "Outer",
	        "Parallel Aware": false,
	        "Relation Name": "t",
	        "Schema": "public",
	        "Alias": "t",
	        "Startup Cost": 0.00,
	        "Total Cost": 35.50,
	        "Plan Rows": 680,
	        "Plan Width": 12,
	        "Actual Startup Time": 0.016,
	        "Actual Total Time": 0.018,
	        "Actual Rows": 2,
	        "Actual Loops": 1,
	        "Output": ["a", "b", "c"],
	        "Filter": "(t.a > 10)",
	        "Rows Removed by Filter": 2,
	        "Shared Hit Blocks": 0,
	        "Shared Read Blocks": 1,
	        "Shared Dirtied Blocks": 0,
	        "Shared Written Blocks": 0,
	        "Local Hit Blocks": 0,
	        "Local Read Blocks": 0,
	        "Local Dirtied Blocks": 0,
	        "Local Written Blocks": 0,
	        "Temp Read Blocks": 0,
	        "Temp Written Blocks": 0,
	        "WAL Records": 0,
	        "WAL FPI": 0,
	        "WAL Bytes": 0
	}
	]
	}
	}
2024-11-27 15:39:35.112 CST [2973302] LOG:  received fast shutdown request
2024-11-27 15:39:35.113 CST [2973302] LOG:  aborting any active transactions
2024-11-27 15:39:35.113 CST [2973458] FATAL:  terminating connection due to administrator command
2024-11-27 15:39:35.114 CST [2973302] LOG:  background worker "logical replication launcher" (PID 2973320) exited with exit code 1
2024-11-27 15:39:35.114 CST [2973314] LOG:  shutting down
2024-11-27 15:39:35.122 CST [2973302] LOG:  database system is shut down
