2024-11-21 01:44:32.510 CST [2682055] LOG:  duration: 0.062 ms  plan:
	{
	  "Query Text": "select a, sum(b) from t group by a having a > 10 and max(c) > 10;",
	  "Plan": {
	    "Node Type": "Aggregate",
	    "Strategy": "Hashed",
	    "Partial Mode": "Simple",
	    "Parallel Aware": false,
	    "Startup Cost": 40.60,
	    "Total Cost": 43.06,
	    "Plan Rows": 66,
	    "Plan Width": 12,
	    "Actual Startup Time": 0.035,
	    "Actual Total Time": 0.040,
	    "Actual Rows": 2,
	    "Actual Loops": 1,
	    "Group Key": ["a"],
	    "Filter": "(max(c) > 10)",
	    "Planned Partitions": 0,
	    "HashAgg Batches": 1,
	    "Peak Memory Usage": 40,
	    "Disk Usage": 0,
	    "Rows Removed by Filter": 0,
	    "Shared Hit Blocks": 1,
	    "Shared Read Blocks": 0,
	    "Shared Dirtied Blocks": 0,
	    "Shared Written Blocks": 0,
	    "Local Hit Blocks": 0,
	    "Local Read Blocks": 0,
	    "Local Dirtied Blocks": 0,
	    "Local Written Blocks": 0,
	    "Temp Read Blocks": 0,
	    "Temp Written Blocks": 0,
	    "WAL Records": 0,
	    "WAL FPI": 0,
	    "WAL Bytes": 0,
	    "Plans": [
	      {
	        "Node Type": "Seq Scan",
	        "Parent Relationship": "Outer",
	        "Parallel Aware": false,
	        "Relation Name": "t",
	        "Alias": "t",
	        "Startup Cost": 0.00,
	        "Total Cost": 35.50,
	        "Plan Rows": 680,
	        "Plan Width": 12,
	        "Actual Startup Time": 0.016,
	        "Actual Total Time": 0.018,
	        "Actual Rows": 2,
	        "Actual Loops": 1,
	        "Filter": "(a > 10)",
	        "Rows Removed by Filter": 2,
	        "Shared Hit Blocks": 1,
	        "Shared Read Blocks": 0,
	        "Shared Dirtied Blocks": 0,
	        "Shared Written Blocks": 0,
	        "Local Hit Blocks": 0,
	        "Local Read Blocks": 0,
	        "Local Dirtied Blocks": 0,
	        "Local Written Blocks": 0,
	        "Temp Read Blocks": 0,
	        "Temp Written Blocks": 0,
	        "WAL Records": 0,
	        "WAL FPI": 0,
	        "WAL Bytes": 0
	      }
	    ]
	  }
	}
2024-11-21 01:44:32.542 CST [2681964] LOG:  received SIGHUP, reloading configuration files
2024-11-21 01:44:32.544 CST [2681964] LOG:  received SIGHUP, reloading configuration files
2024-11-21 09:23:52.200 CST [2681964] LOG:  could not open file "postmaster.pid": No such file or directory
2024-11-21 09:23:52.200 CST [2681964] LOG:  performing immediate shutdown because data directory lock file is invalid
2024-11-21 09:23:52.200 CST [2681964] LOG:  received immediate shutdown request
2024-11-21 09:23:52.200 CST [2681964] LOG:  could not open file "postmaster.pid": No such file or directory
2024-11-21 09:23:52.200 CST [2681970] WARNING:  terminating connection because of crash of another server process
2024-11-21 09:23:52.200 CST [2681970] DETAIL:  The postmaster has commanded this server process to roll back the current transaction and exit, because another server process exited abnormally and possibly corrupted shared memory.
2024-11-21 09:23:52.200 CST [2681970] HINT:  In a moment you should be able to reconnect to the database and repeat your command.
2024-11-21 09:23:52.200 CST [3688314] WARNING:  terminating connection because of crash of another server process
2024-11-21 09:23:52.200 CST [3688314] DETAIL:  The postmaster has commanded this server process to roll back the current transaction and exit, because another server process exited abnormally and possibly corrupted shared memory.
2024-11-21 09:23:52.200 CST [3688314] HINT:  In a moment you should be able to reconnect to the database and repeat your command.
2024-11-21 09:23:52.202 CST [2681964] LOG:  database system is shut down
