2024-11-21 09:26:10.462 CST [3691146] LOG:  starting PostgreSQL 13.10 on x86_64-pc-linux-gnu, compiled by gcc (Ubuntu 11.4.0-2ubuntu1~20.04) 11.4.0, 64-bit
2024-11-21 09:26:10.462 CST [3691146] LOG:  listening on IPv4 address "127.0.0.1", port 33333
2024-11-21 09:26:10.464 CST [3691146] LOG:  listening on Unix socket "/tmp/.s.PGSQL.33333"
2024-11-21 09:26:10.467 CST [3691152] LOG:  database system was interrupted; last known up at 2024-11-20 19:23:44 CST
2024-11-21 09:26:10.554 CST [3691152] LOG:  database system was not properly shut down; automatic recovery in progress
2024-11-21 09:26:10.556 CST [3691152] LOG:  redo starts at 0/1565010
2024-11-21 09:26:10.556 CST [3691152] LOG:  invalid record length at 0/15650F8: wanted 24, got 0
2024-11-21 09:26:10.556 CST [3691152] LOG:  redo done at 0/15650C0
2024-11-21 09:26:10.564 CST [3691146] LOG:  database system is ready to accept connections
2024-11-21 09:27:03.438 CST [3692005] LOG:  statement: SELECT * FROM pg_stat_activity;
2024-11-21 09:27:03.443 CST [3692005] LOG:  duration: 0.368 ms  plan:
	{
	  "Query Text": "SELECT * FROM pg_stat_activity;",
	  "Plan": {
	    "Node Type": "Hash Join",
	    "Parallel Aware": false,
	    "Join Type": "Left",

	    "Startup Cost": 2.25,
	    "Total Cost": 3.80,
	    "Plan Rows": 100,
	    "Plan Width": 444,
	    "Actual Startup Time": 0.279,
	    "Actual Total Time": 0.304,
	    "Actual Rows": 6,
	    "Actual Loops": 1,

	    "Inner Unique": true,
	    "Hash Cond": "(s.usesysid = u.oid)",
	    "Shared Hit Blocks": 5,
	    "Shared Read Blocks": 0,
	    "Shared Dirtied Blocks": 0,
	    "Shared Written Blocks": 0,
	    "Local Hit Blocks": 0,
	    "Local Read Blocks": 0,
	    "Local Dirtied Blocks": 0,
	    "Local Written Blocks": 0,
	    "Temp Read Blocks": 0,
	    "Temp Written Blocks": 0,
	    "WAL Records": 0,
	    "WAL FPI": 0,
	    "WAL Bytes": 0,
	    "Plans": [
	      {
	        "Node Type": "Hash Join",
	        "Parent Relationship": "Outer",
	        "Parallel Aware": false,
	        "Join Type": "Left",
	        "Startup Cost": 1.05,
	        "Total Cost": 2.32,
	        "Plan Rows": 100,
	        "Plan Width": 380,
	        "Actual Startup Time": 0.239,
	        "Actual Total Time": 0.255,
	        "Actual Rows": 6,
	        "Actual Loops": 1,
	        "Inner Unique": true,
	        "Hash Cond": "(s.datid = d.oid)",
	        "Shared Hit Blocks": 4,
	        "Shared Read Blocks": 0,
	        "Shared Dirtied Blocks": 0,
	        "Shared Written Blocks": 0,
	        "Local Hit Blocks": 0,
	        "Local Read Blocks": 0,
	        "Local Dirtied Blocks": 0,
	        "Local Written Blocks": 0,
	        "Temp Read Blocks": 0,
	        "Temp Written Blocks": 0,
	        "WAL Records": 0,
	        "WAL FPI": 0,
	        "WAL Bytes": 0,
	        "Plans": [
	          {
	            "Node Type": "Function Scan",
	            "Parent Relationship": "Outer",
	            "Parallel Aware": false,
	            "Function Name": "pg_stat_get_activity",
	            "Alias": "s",
	            "Startup Cost": 0.00,
	            "Total Cost": 1.00,
	            "Plan Rows": 100,
	            "Plan Width": 316,
	            "Actual Startup Time": 0.121,
	            "Actual Total Time": 0.124,
	            "Actual Rows": 6,
	            "Actual Loops": 1,
	            "Shared Hit Blocks": 0,
	            "Shared Read Blocks": 0,
	            "Shared Dirtied Blocks": 0,
	            "Shared Written Blocks": 0,
	            "Local Hit Blocks": 0,
	            "Local Read Blocks": 0,
	            "Local Dirtied Blocks": 0,
	            "Local Written Blocks": 0,
	            "Temp Read Blocks": 0,
	            "Temp Written Blocks": 0,
	            "WAL Records": 0,
	            "WAL FPI": 0,
	            "WAL Bytes": 0
	          },
	          {
	            "Node Type": "Hash",
	            "Parent Relationship": "Inner",
	            "Parallel Aware": false,
	            "Startup Cost": 1.02,
	            "Total Cost": 1.02,
	            "Plan Rows": 2,
	            "Plan Width": 68,
	            "Actual Startup Time": 0.031,
	            "Actual Total Time": 0.032,
	            "Actual Rows": 3,
	            "Actual Loops": 1,
	            "Hash Buckets": 1024,
	            "Original Hash Buckets": 1024,
	            "Hash Batches": 1,
	            "Original Hash Batches": 1,
	            "Peak Memory Usage": 9,
	            "Shared Hit Blocks": 1,
	            "Shared Read Blocks": 0,
	            "Shared Dirtied Blocks": 0,
	            "Shared Written Blocks": 0,
	            "Local Hit Blocks": 0,
	            "Local Read Blocks": 0,
	            "Local Dirtied Blocks": 0,
	            "Local Written Blocks": 0,
	            "Temp Read Blocks": 0,
	            "Temp Written Blocks": 0,
	            "WAL Records": 0,
	            "WAL FPI": 0,
	            "WAL Bytes": 0,
	            "Plans": [
	              {
	                "Node Type": "Seq Scan",
	                "Parent Relationship": "Outer",
	                "Parallel Aware": false,
	                "Relation Name": "pg_database",
	                "Alias": "d",
	                "Startup Cost": 0.00,
	                "Total Cost": 1.02,
	                "Plan Rows": 2,
	                "Plan Width": 68,
	                "Actual Startup Time": 0.010,
	                "Actual Total Time": 0.012,
	                "Actual Rows": 3,
	                "Actual Loops": 1,
	                "Shared Hit Blocks": 1,
	                "Shared Read Blocks": 0,
	                "Shared Dirtied Blocks": 0,
	                "Shared Written Blocks": 0,
	                "Local Hit Blocks": 0,
	                "Local Read Blocks": 0,
	                "Local Dirtied Blocks": 0,
	                "Local Written Blocks": 0,
	                "Temp Read Blocks": 0,
	                "Temp Written Blocks": 0,
	                "WAL Records": 0,
	                "WAL FPI": 0,
	                "WAL Bytes": 0
	              }
	            ]
	          }
	        ]
	      },
	      {
	        "Node Type": "Hash",
	        "Parent Relationship": "Inner",
	        "Parallel Aware": false,
	        "Startup Cost": 1.09,
	        "Total Cost": 1.09,
	        "Plan Rows": 9,
	        "Plan Width": 68,
	        "Actual Startup Time": 0.014,
	        "Actual Total Time": 0.015,
	        "Actual Rows": 9,
	        "Actual Loops": 1,
	        "Hash Buckets": 1024,
	        "Original Hash Buckets": 1024,
	        "Hash Batches": 1,
	        "Original Hash Batches": 1,
	        "Peak Memory Usage": 9,
	        "Shared Hit Blocks": 1,
	        "Shared Read Blocks": 0,
	        "Shared Dirtied Blocks": 0,
	        "Shared Written Blocks": 0,
	        "Local Hit Blocks": 0,
	        "Local Read Blocks": 0,
	        "Local Dirtied Blocks": 0,
	        "Local Written Blocks": 0,
	        "Temp Read Blocks": 0,
	        "Temp Written Blocks": 0,
	        "WAL Records": 0,
	        "WAL FPI": 0,
	        "WAL Bytes": 0,
	        "Plans": [
	          {
	            "Node Type": "Seq Scan",
	            "Parent Relationship": "Outer",
	            "Parallel Aware": false,
	            "Relation Name": "pg_authid",
	            "Alias": "u",
	            "Startup Cost": 0.00,
	            "Total Cost": 1.09,
	            "Plan Rows": 9,
	            "Plan Width": 68,
	            "Actual Startup Time": 0.003,
	            "Actual Total Time": 0.006,
	            "Actual Rows": 9,
	            "Actual Loops": 1,
	            "Shared Hit Blocks": 1,
	            "Shared Read Blocks": 0,
	            "Shared Dirtied Blocks": 0,
	            "Shared Written Blocks": 0,
	            "Local Hit Blocks": 0,
	            "Local Read Blocks": 0,
	            "Local Dirtied Blocks": 0,
	            "Local Written Blocks": 0,
	            "Temp Read Blocks": 0,
	            "Temp Written Blocks": 0,
	            "WAL Records": 0,
	            "WAL FPI": 0,
	            "WAL Bytes": 0
	          }
	        ]
	      }
	    ]
	  }
	}
2024-11-21 09:27:10.186 CST [3692005] LOG:  statement: SELECT * FROM pg_stat_activity;
2024-11-21 09:27:10.188 CST [3692005] LOG:  duration: 0.242 ms  plan:
	{
	  "Query Text": "SELECT * FROM pg_stat_activity;",
	  "Plan": {
	    "Node Type": "Hash Join",
	    "Parallel Aware": false,
	    "Join Type": "Left",
	    "Startup Cost": 2.25,
	    "Total Cost": 3.80,
	    "Plan Rows": 100,
	    "Plan Width": 444,
	    "Actual Startup Time": 0.174,
	    "Actual Total Time": 0.198,
	    "Actual Rows": 6,
	    "Actual Loops": 1,
	    "Inner Unique": true,
	    "Hash Cond": "(s.usesysid = u.oid)",
	    "Shared Hit Blocks": 2,
	    "Shared Read Blocks": 0,
	    "Shared Dirtied Blocks": 0,
	    "Shared Written Blocks": 0,
	    "Local Hit Blocks": 0,
	    "Local Read Blocks": 0,
	    "Local Dirtied Blocks": 0,
	    "Local Written Blocks": 0,
	    "Temp Read Blocks": 0,
	    "Temp Written Blocks": 0,
	    "WAL Records": 0,
	    "WAL FPI": 0,
	    "WAL Bytes": 0,
	    "Plans": [
	      {
	        "Node Type": "Hash Join",
	        "Parent Relationship": "Outer",
	        "Parallel Aware": false,
	        "Join Type": "Left",
	        "Startup Cost": 1.05,
	        "Total Cost": 2.32,
	        "Plan Rows": 100,
	        "Plan Width": 380,
	        "Actual Startup Time": 0.144,
	        "Actual Total Time": 0.159,
	        "Actual Rows": 6,
	        "Actual Loops": 1,
	        "Inner Unique": true,
	        "Hash Cond": "(s.datid = d.oid)",
	        "Shared Hit Blocks": 1,
	        "Shared Read Blocks": 0,
	        "Shared Dirtied Blocks": 0,
	        "Shared Written Blocks": 0,
	        "Local Hit Blocks": 0,
	        "Local Read Blocks": 0,
	        "Local Dirtied Blocks": 0,
	        "Local Written Blocks": 0,
	        "Temp Read Blocks": 0,
	        "Temp Written Blocks": 0,
	        "WAL Records": 0,
	        "WAL FPI": 0,
	        "WAL Bytes": 0,
	        "Plans": [
	          {
	            "Node Type": "Function Scan",
	            "Parent Relationship": "Outer",
	            "Parallel Aware": false,
	            "Function Name": "pg_stat_get_activity",
	            "Alias": "s",
	            "Startup Cost": 0.00,
	            "Total Cost": 1.00,
	            "Plan Rows": 100,
	            "Plan Width": 316,
	            "Actual Startup Time": 0.104,
	            "Actual Total Time": 0.106,
	            "Actual Rows": 6,
	            "Actual Loops": 1,
	            "Shared Hit Blocks": 0,
	            "Shared Read Blocks": 0,
	            "Shared Dirtied Blocks": 0,
	            "Shared Written Blocks": 0,
	            "Local Hit Blocks": 0,
	            "Local Read Blocks": 0,
	            "Local Dirtied Blocks": 0,
	            "Local Written Blocks": 0,
	            "Temp Read Blocks": 0,
	            "Temp Written Blocks": 0,
	            "WAL Records": 0,
	            "WAL FPI": 0,
	            "WAL Bytes": 0
	          },
	          {
	            "Node Type": "Hash",
	            "Parent Relationship": "Inner",
	            "Parallel Aware": false,
	            "Startup Cost": 1.02,
	            "Total Cost": 1.02,
	            "Plan Rows": 2,
	            "Plan Width": 68,
	            "Actual Startup Time": 0.025,
	            "Actual Total Time": 0.026,
	            "Actual Rows": 3,
	            "Actual Loops": 1,
	            "Hash Buckets": 1024,
	            "Original Hash Buckets": 1024,
	            "Hash Batches": 1,
	            "Original Hash Batches": 1,
	            "Peak Memory Usage": 9,
	            "Shared Hit Blocks": 1,
	            "Shared Read Blocks": 0,
	            "Shared Dirtied Blocks": 0,
	            "Shared Written Blocks": 0,
	            "Local Hit Blocks": 0,
	            "Local Read Blocks": 0,
	            "Local Dirtied Blocks": 0,
	            "Local Written Blocks": 0,
	            "Temp Read Blocks": 0,
	            "Temp Written Blocks": 0,
	            "WAL Records": 0,
	            "WAL FPI": 0,
	            "WAL Bytes": 0,
	            "Plans": [
	              {
	                "Node Type": "Seq Scan",
	                "Parent Relationship": "Outer",
	                "Parallel Aware": false,
	                "Relation Name": "pg_database",
	                "Alias": "d",
	                "Startup Cost": 0.00,
	                "Total Cost": 1.02,
	                "Plan Rows": 2,
	                "Plan Width": 68,
	                "Actual Startup Time": 0.013,
	                "Actual Total Time": 0.016,
	                "Actual Rows": 3,
	                "Actual Loops": 1,
	                "Shared Hit Blocks": 1,
	                "Shared Read Blocks": 0,
	                "Shared Dirtied Blocks": 0,
	                "Shared Written Blocks": 0,
	                "Local Hit Blocks": 0,
	                "Local Read Blocks": 0,
	                "Local Dirtied Blocks": 0,
	                "Local Written Blocks": 0,
	                "Temp Read Blocks": 0,
	                "Temp Written Blocks": 0,
	                "WAL Records": 0,
	                "WAL FPI": 0,
	                "WAL Bytes": 0
	              }
	            ]
	          }
	        ]
	      },
	      {
	        "Node Type": "Hash",
	        "Parent Relationship": "Inner",
	        "Parallel Aware": false,
	        "Startup Cost": 1.09,
	        "Total Cost": 1.09,
	        "Plan Rows": 9,
	        "Plan Width": 68,
	        "Actual Startup Time": 0.015,
	        "Actual Total Time": 0.015,
	        "Actual Rows": 9,
	        "Actual Loops": 1,
	        "Hash Buckets": 1024,
	        "Original Hash Buckets": 1024,
	        "Hash Batches": 1,
	        "Original Hash Batches": 1,
	        "Peak Memory Usage": 9,
	        "Shared Hit Blocks": 1,
	        "Shared Read Blocks": 0,
	        "Shared Dirtied Blocks": 0,
	        "Shared Written Blocks": 0,
	        "Local Hit Blocks": 0,
	        "Local Read Blocks": 0,
	        "Local Dirtied Blocks": 0,
	        "Local Written Blocks": 0,
	        "Temp Read Blocks": 0,
	        "Temp Written Blocks": 0,
	        "WAL Records": 0,
	        "WAL FPI": 0,
	        "WAL Bytes": 0,
	        "Plans": [
	          {
	            "Node Type": "Seq Scan",
	            "Parent Relationship": "Outer",
	            "Parallel Aware": false,
	            "Relation Name": "pg_authid",
	            "Alias": "u",
	            "Startup Cost": 0.00,
	            "Total Cost": 1.09,
	            "Plan Rows": 9,
	            "Plan Width": 68,
	            "Actual Startup Time": 0.003,
	            "Actual Total Time": 0.007,
	            "Actual Rows": 9,
	            "Actual Loops": 1,
	            "Shared Hit Blocks": 1,
	            "Shared Read Blocks": 0,
	            "Shared Dirtied Blocks": 0,
	            "Shared Written Blocks": 0,
	            "Local Hit Blocks": 0,
	            "Local Read Blocks": 0,
	            "Local Dirtied Blocks": 0,
	            "Local Written Blocks": 0,
	            "Temp Read Blocks": 0,
	            "Temp Written Blocks": 0,
	            "WAL Records": 0,
	            "WAL FPI": 0,
	            "WAL Bytes": 0
	          }
	        ]
	      }
	    ]
	  }
	}
2024-11-21 09:27:48.568 CST [3692005] ERROR:  syntax error at or near "state" at character 83
2024-11-21 09:27:48.568 CST [3692005] STATEMENT:  SELECT pid, usename, datname, state, query, query_startFROM pg_stat_activityWHERE state = 'active';
2024-11-21 09:27:56.250 CST [3692005] LOG:  statement: SELECT pid, usename, datname, state, query, query_startFROM pg_stat_activity WHERE state = 'active';
2024-11-21 09:27:56.250 CST [3692005] ERROR:  column "pid" does not exist at character 8
2024-11-21 09:27:56.250 CST [3692005] STATEMENT:  SELECT pid, usename, datname, state, query, query_startFROM pg_stat_activity WHERE state = 'active';
2024-11-21 09:28:41.721 CST [3692005] LOG:  statement: SELECT pid, usename, datname, state, query, query_start FROM pg_stat_activity WHERE state = 'active';
2024-11-21 09:28:41.723 CST [3692005] LOG:  duration: 0.153 ms  plan:
	{
	  "Query Text": "SELECT pid, usename, datname, state, query, query_start FROM pg_stat_activity WHERE state = 'active';",
	  "Plan": {
	    "Node Type": "Nested Loop",
	    "Parallel Aware": false,
	    "Join Type": "Left",
	    "Startup Cost": 1.26,
	    "Total Cost": 3.44,
	    "Plan Rows": 1,
	    "Plan Width": 204,
	    "Actual Startup Time": 0.112,
	    "Actual Total Time": 0.133,
	    "Actual Rows": 1,
	    "Actual Loops": 1,
	    "Inner Unique": true,
	    "Join Filter": "(s.datid = d.oid)",
	    "Rows Removed by Join Filter": 0,
	    "Shared Hit Blocks": 2,
	    "Shared Read Blocks": 0,
	    "Shared Dirtied Blocks": 0,
	    "Shared Written Blocks": 0,
	    "Local Hit Blocks": 0,
	    "Local Read Blocks": 0,
	    "Local Dirtied Blocks": 0,
	    "Local Written Blocks": 0,
	    "Temp Read Blocks": 0,
	    "Temp Written Blocks": 0,
	    "WAL Records": 0,
	    "WAL FPI": 0,
	    "WAL Bytes": 0,
	    "Plans": [
	      {
	        "Node Type": "Hash Join",
	        "Parent Relationship": "Outer",
	        "Parallel Aware": false,
	        "Join Type": "Right",
	        "Startup Cost": 1.26,
	        "Total Cost": 2.40,
	        "Plan Rows": 1,
	        "Plan Width": 144,
	        "Actual Startup Time": 0.104,
	        "Actual Total Time": 0.124,
	        "Actual Rows": 1,
	        "Actual Loops": 1,
	        "Inner Unique": false,
	        "Hash Cond": "(u.oid = s.usesysid)",
	        "Shared Hit Blocks": 1,
	        "Shared Read Blocks": 0,
	        "Shared Dirtied Blocks": 0,
	        "Shared Written Blocks": 0,
	        "Local Hit Blocks": 0,
	        "Local Read Blocks": 0,
	        "Local Dirtied Blocks": 0,
	        "Local Written Blocks": 0,
	        "Temp Read Blocks": 0,
	        "Temp Written Blocks": 0,
	        "WAL Records": 0,
	        "WAL FPI": 0,
	        "WAL Bytes": 0,
	        "Plans": [
	          {
	            "Node Type": "Seq Scan",
	            "Parent Relationship": "Outer",
	            "Parallel Aware": false,
	            "Relation Name": "pg_authid",
	            "Alias": "u",
	            "Startup Cost": 0.00,
	            "Total Cost": 1.09,
	            "Plan Rows": 9,
	            "Plan Width": 68,
	            "Actual Startup Time": 0.006,
	            "Actual Total Time": 0.010,
	            "Actual Rows": 9,
	            "Actual Loops": 1,
	            "Shared Hit Blocks": 1,
	            "Shared Read Blocks": 0,
	            "Shared Dirtied Blocks": 0,
	            "Shared Written Blocks": 0,
	            "Local Hit Blocks": 0,
	            "Local Read Blocks": 0,
	            "Local Dirtied Blocks": 0,
	            "Local Written Blocks": 0,
	            "Temp Read Blocks": 0,
	            "Temp Written Blocks": 0,
	            "WAL Records": 0,
	            "WAL FPI": 0,
	            "WAL Bytes": 0
	          },
	          {
	            "Node Type": "Hash",
	            "Parent Relationship": "Inner",
	            "Parallel Aware": false,
	            "Startup Cost": 1.25,
	            "Total Cost": 1.25,
	            "Plan Rows": 1,
	            "Plan Width": 84,
	            "Actual Startup Time": 0.081,
	            "Actual Total Time": 0.082,
	            "Actual Rows": 1,
	            "Actual Loops": 1,
	            "Hash Buckets": 1024,
	            "Original Hash Buckets": 1024,
	            "Hash Batches": 1,
	            "Original Hash Batches": 1,
	            "Peak Memory Usage": 9,
	            "Shared Hit Blocks": 0,
	            "Shared Read Blocks": 0,
	            "Shared Dirtied Blocks": 0,
	            "Shared Written Blocks": 0,
	            "Local Hit Blocks": 0,
	            "Local Read Blocks": 0,
	            "Local Dirtied Blocks": 0,
	            "Local Written Blocks": 0,
	            "Temp Read Blocks": 0,
	            "Temp Written Blocks": 0,
	            "WAL Records": 0,
	            "WAL FPI": 0,
	            "WAL Bytes": 0,
	            "Plans": [
	              {
	                "Node Type": "Function Scan",
	                "Parent Relationship": "Outer",
	                "Parallel Aware": false,
	                "Function Name": "pg_stat_get_activity",
	                "Alias": "s",
	                "Startup Cost": 0.00,
	                "Total Cost": 1.25,
	                "Plan Rows": 1,
	                "Plan Width": 84,
	                "Actual Startup Time": 0.070,
	                "Actual Total Time": 0.072,
	                "Actual Rows": 1,
	                "Actual Loops": 1,
	                "Filter": "(state = 'active'::text)",
	                "Rows Removed by Filter": 5,
	                "Shared Hit Blocks": 0,
	                "Shared Read Blocks": 0,
	                "Shared Dirtied Blocks": 0,
	                "Shared Written Blocks": 0,
	                "Local Hit Blocks": 0,
	                "Local Read Blocks": 0,
	                "Local Dirtied Blocks": 0,
	                "Local Written Blocks": 0,
	                "Temp Read Blocks": 0,
	                "Temp Written Blocks": 0,
	                "WAL Records": 0,
	                "WAL FPI": 0,
	                "WAL Bytes": 0
	              }
	            ]
	          }
	        ]
	      },
	      {
	        "Node Type": "Seq Scan",
	        "Parent Relationship": "Inner",
	        "Parallel Aware": false,
	        "Relation Name": "pg_database",
	        "Alias": "d",
	        "Startup Cost": 0.00,
	        "Total Cost": 1.02,
	        "Plan Rows": 2,
	        "Plan Width": 68,
	        "Actual Startup Time": 0.003,
	        "Actual Total Time": 0.003,
	        "Actual Rows": 1,
	        "Actual Loops": 1,
	        "Shared Hit Blocks": 1,
	        "Shared Read Blocks": 0,
	        "Shared Dirtied Blocks": 0,
	        "Shared Written Blocks": 0,
	        "Local Hit Blocks": 0,
	        "Local Read Blocks": 0,
	        "Local Dirtied Blocks": 0,
	        "Local Written Blocks": 0,
	        "Temp Read Blocks": 0,
	        "Temp Written Blocks": 0,
	        "WAL Records": 0,
	        "WAL FPI": 0,
	        "WAL Bytes": 0
	      }
	    ]
	  }
	}
2024-11-21 09:48:40.906 CST [3692005] ERROR:  syntax error at or near "pg_catalog" at character 268
2024-11-21 09:48:40.906 CST [3692005] STATEMENT:  SELECT     blocked_locks.pid AS blocked_pid,    blocking_locks.pid AS blocking_pid,    blocked_activity.query AS blocked_query,    blocking_activity.query AS blocking_query,    blocked_activity.state AS blocked_state,    blocking_activity.state AS blocking_stateFROM pg_catalog.pg_locks blocked_locksJOIN pg_catalog.pg_stat_activity blocked_activity     ON blocked_activity.pid = blocked_locks.pidJOIN pg_catalog.pg_locks blocking_locks     ON blocking_locks.locktype = blocked_locks.locktype    AND blocking_locks.DATABASE = blocked_locks.DATABASE    AND blocking_locks.relation = blocked_locks.relation    AND blocking_locks.page = blocked_locks.page    AND blocking_locks.tuple = blocked_locks.tuple    AND blocking_locks.virtualxid = blocked_locks.virtualxid    AND blocking_locks.transactionid = blocked_locks.transactionidJOIN pg_catalog.pg_stat_activity blocking_activity     ON blocking_activity.pid = blocking_locks.pidWHERE NOT blocked_locks.granted;
2024-11-21 09:48:55.945 CST [3692005] LOG:  statement: SELECT     pid,    usename,    datname,    application_name,    client_addr,    backend_start,    state,    query,    waiting,    pg_blocking_pids(pid) AS blocked_by FROM pg_stat_activity WHERE state = 'active';
2024-11-21 09:48:55.945 CST [3692005] ERROR:  column "waiting" does not exist at character 119
2024-11-21 09:48:55.945 CST [3692005] STATEMENT:  SELECT     pid,    usename,    datname,    application_name,    client_addr,    backend_start,    state,    query,    waiting,    pg_blocking_pids(pid) AS blocked_by FROM pg_stat_activity WHERE state = 'active';
2024-11-21 09:49:08.284 CST [3692005] LOG:  statement: SELECT pid, usename, datname, state, query, query_start,waiting FROM pg_stat_activity WHERE state = 'active';
2024-11-21 09:49:08.284 CST [3692005] ERROR:  column "waiting" does not exist at character 57
2024-11-21 09:49:08.284 CST [3692005] STATEMENT:  SELECT pid, usename, datname, state, query, query_start,waiting FROM pg_stat_activity WHERE state = 'active';
2024-11-21 09:49:14.117 CST [3692005] LOG:  statement: SELECT * FROM pg_stat_activity;
2024-11-21 09:49:14.119 CST [3692005] LOG:  duration: 0.189 ms  plan:
	{
	  "Query Text": "SELECT * FROM pg_stat_activity;",
	  "Plan": {
	    "Node Type": "Hash Join",
	    "Parallel Aware": false,
	    "Join Type": "Left",
	    "Startup Cost": 2.25,
	    "Total Cost": 3.80,
	    "Plan Rows": 100,
	    "Plan Width": 444,
	    "Actual Startup Time": 0.122,
	    "Actual Total Time": 0.146,
	    "Actual Rows": 6,
	    "Actual Loops": 1,
	    "Inner Unique": true,
	    "Hash Cond": "(s.usesysid = u.oid)",
	    "Shared Hit Blocks": 2,
	    "Shared Read Blocks": 0,
	    "Shared Dirtied Blocks": 0,
	    "Shared Written Blocks": 0,
	    "Local Hit Blocks": 0,
	    "Local Read Blocks": 0,
	    "Local Dirtied Blocks": 0,
	    "Local Written Blocks": 0,
	    "Temp Read Blocks": 0,
	    "Temp Written Blocks": 0,
	    "WAL Records": 0,
	    "WAL FPI": 0,
	    "WAL Bytes": 0,
	    "Plans": [
	      {
	        "Node Type": "Hash Join",
	        "Parent Relationship": "Outer",
	        "Parallel Aware": false,
	        "Join Type": "Left",
	        "Startup Cost": 1.05,
	        "Total Cost": 2.32,
	        "Plan Rows": 100,
	        "Plan Width": 380,
	        "Actual Startup Time": 0.104,
	        "Actual Total Time": 0.119,
	        "Actual Rows": 6,
	        "Actual Loops": 1,
	        "Inner Unique": true,
	        "Hash Cond": "(s.datid = d.oid)",
	        "Shared Hit Blocks": 1,
	        "Shared Read Blocks": 0,
	        "Shared Dirtied Blocks": 0,
	        "Shared Written Blocks": 0,
	        "Local Hit Blocks": 0,
	        "Local Read Blocks": 0,
	        "Local Dirtied Blocks": 0,
	        "Local Written Blocks": 0,
	        "Temp Read Blocks": 0,
	        "Temp Written Blocks": 0,
	        "WAL Records": 0,
	        "WAL FPI": 0,
	        "WAL Bytes": 0,
	        "Plans": [
	          {
	            "Node Type": "Function Scan",
	            "Parent Relationship": "Outer",
	            "Parallel Aware": false,
	            "Function Name": "pg_stat_get_activity",
	            "Alias": "s",
	            "Startup Cost": 0.00,
	            "Total Cost": 1.00,
	            "Plan Rows": 100,
	            "Plan Width": 316,
	            "Actual Startup Time": 0.070,
	            "Actual Total Time": 0.073,
	            "Actual Rows": 6,
	            "Actual Loops": 1,
	            "Shared Hit Blocks": 0,
	            "Shared Read Blocks": 0,
	            "Shared Dirtied Blocks": 0,
	            "Shared Written Blocks": 0,
	            "Local Hit Blocks": 0,
	            "Local Read Blocks": 0,
	            "Local Dirtied Blocks": 0,
	            "Local Written Blocks": 0,
	            "Temp Read Blocks": 0,
	            "Temp Written Blocks": 0,
	            "WAL Records": 0,
	            "WAL FPI": 0,
	            "WAL Bytes": 0
	          },
	          {
	            "Node Type": "Hash",
	            "Parent Relationship": "Inner",
	            "Parallel Aware": false,
	            "Startup Cost": 1.02,
	            "Total Cost": 1.02,
	            "Plan Rows": 2,
	            "Plan Width": 68,
	            "Actual Startup Time": 0.022,
	            "Actual Total Time": 0.023,
	            "Actual Rows": 3,
	            "Actual Loops": 1,
	            "Hash Buckets": 1024,
	            "Original Hash Buckets": 1024,
	            "Hash Batches": 1,
	            "Original Hash Batches": 1,
	            "Peak Memory Usage": 9,
	            "Shared Hit Blocks": 1,
	            "Shared Read Blocks": 0,
	            "Shared Dirtied Blocks": 0,
	            "Shared Written Blocks": 0,
	            "Local Hit Blocks": 0,
	            "Local Read Blocks": 0,
	            "Local Dirtied Blocks": 0,
	            "Local Written Blocks": 0,
	            "Temp Read Blocks": 0,
	            "Temp Written Blocks": 0,
	            "WAL Records": 0,
	            "WAL FPI": 0,
	            "WAL Bytes": 0,
	            "Plans": [
	              {
	                "Node Type": "Seq Scan",
	                "Parent Relationship": "Outer",
	                "Parallel Aware": false,
	                "Relation Name": "pg_database",
	                "Alias": "d",
	                "Startup Cost": 0.00,
	                "Total Cost": 1.02,
	                "Plan Rows": 2,
	                "Plan Width": 68,
	                "Actual Startup Time": 0.013,
	                "Actual Total Time": 0.016,
	                "Actual Rows": 3,
	                "Actual Loops": 1,
	                "Shared Hit Blocks": 1,
	                "Shared Read Blocks": 0,
	                "Shared Dirtied Blocks": 0,
	                "Shared Written Blocks": 0,
	                "Local Hit Blocks": 0,
	                "Local Read Blocks": 0,
	                "Local Dirtied Blocks": 0,
	                "Local Written Blocks": 0,
	                "Temp Read Blocks": 0,
	                "Temp Written Blocks": 0,
	                "WAL Records": 0,
	                "WAL FPI": 0,
	                "WAL Bytes": 0
	              }
	            ]
	          }
	        ]
	      },
	      {
	        "Node Type": "Hash",
	        "Parent Relationship": "Inner",
	        "Parallel Aware": false,
	        "Startup Cost": 1.09,
	        "Total Cost": 1.09,
	        "Plan Rows": 9,
	        "Plan Width": 68,
	        "Actual Startup Time": 0.012,
	        "Actual Total Time": 0.012,
	        "Actual Rows": 9,
	        "Actual Loops": 1,
	        "Hash Buckets": 1024,
	        "Original Hash Buckets": 1024,
	        "Hash Batches": 1,
	        "Original Hash Batches": 1,
	        "Peak Memory Usage": 9,
	        "Shared Hit Blocks": 1,
	        "Shared Read Blocks": 0,
	        "Shared Dirtied Blocks": 0,
	        "Shared Written Blocks": 0,
	        "Local Hit Blocks": 0,
	        "Local Read Blocks": 0,
	        "Local Dirtied Blocks": 0,
	        "Local Written Blocks": 0,
	        "Temp Read Blocks": 0,
	        "Temp Written Blocks": 0,
	        "WAL Records": 0,
	        "WAL FPI": 0,
	        "WAL Bytes": 0,
	        "Plans": [
	          {
	            "Node Type": "Seq Scan",
	            "Parent Relationship": "Outer",
	            "Parallel Aware": false,
	            "Relation Name": "pg_authid",
	            "Alias": "u",
	            "Startup Cost": 0.00,
	            "Total Cost": 1.09,
	            "Plan Rows": 9,
	            "Plan Width": 68,
	            "Actual Startup Time": 0.004,
	            "Actual Total Time": 0.007,
	            "Actual Rows": 9,
	            "Actual Loops": 1,
	            "Shared Hit Blocks": 1,
	            "Shared Read Blocks": 0,
	            "Shared Dirtied Blocks": 0,
	            "Shared Written Blocks": 0,
	            "Local Hit Blocks": 0,
	            "Local Read Blocks": 0,
	            "Local Dirtied Blocks": 0,
	            "Local Written Blocks": 0,
	            "Temp Read Blocks": 0,
	            "Temp Written Blocks": 0,
	            "WAL Records": 0,
	            "WAL FPI": 0,
	            "WAL Bytes": 0
	          }
	        ]
	      }
	    ]
	  }
	}
2024-11-21 09:49:43.006 CST [3692005] LOG:  statement: SELECT pid, usename, datname, state, query, query_start,wait_event FROM pg_stat_activity WHERE state = 'active';
2024-11-21 09:49:43.008 CST [3692005] LOG:  duration: 0.142 ms  plan:
	{
	  "Query Text": "SELECT pid, usename, datname, state, query, query_start,wait_event FROM pg_stat_activity WHERE state = 'active';",
	  "Plan": {
	    "Node Type": "Nested Loop",
	    "Parallel Aware": false,
	    "Join Type": "Left",
	    "Startup Cost": 1.26,
	    "Total Cost": 3.44,
	    "Plan Rows": 1,
	    "Plan Width": 236,
	    "Actual Startup Time": 0.104,
	    "Actual Total Time": 0.124,
	    "Actual Rows": 1,
	    "Actual Loops": 1,
	    "Inner Unique": true,
	    "Join Filter": "(s.datid = d.oid)",
	    "Rows Removed by Join Filter": 0,
	    "Shared Hit Blocks": 2,
	    "Shared Read Blocks": 0,
	    "Shared Dirtied Blocks": 0,
	    "Shared Written Blocks": 0,
	    "Local Hit Blocks": 0,
	    "Local Read Blocks": 0,
	    "Local Dirtied Blocks": 0,
	    "Local Written Blocks": 0,
	    "Temp Read Blocks": 0,
	    "Temp Written Blocks": 0,
	    "WAL Records": 0,
	    "WAL FPI": 0,
	    "WAL Bytes": 0,
	    "Plans": [
	      {
	        "Node Type": "Hash Join",
	        "Parent Relationship": "Outer",
	        "Parallel Aware": false,
	        "Join Type": "Right",
	        "Startup Cost": 1.26,
	        "Total Cost": 2.40,
	        "Plan Rows": 1,
	        "Plan Width": 176,
	        "Actual Startup Time": 0.096,
	        "Actual Total Time": 0.114,
	        "Actual Rows": 1,
	        "Actual Loops": 1,
	        "Inner Unique": false,
	        "Hash Cond": "(u.oid = s.usesysid)",
	        "Shared Hit Blocks": 1,
	        "Shared Read Blocks": 0,
	        "Shared Dirtied Blocks": 0,
	        "Shared Written Blocks": 0,
	        "Local Hit Blocks": 0,
	        "Local Read Blocks": 0,
	        "Local Dirtied Blocks": 0,
	        "Local Written Blocks": 0,
	        "Temp Read Blocks": 0,
	        "Temp Written Blocks": 0,
	        "WAL Records": 0,
	        "WAL FPI": 0,
	        "WAL Bytes": 0,
	        "Plans": [
	          {
	            "Node Type": "Seq Scan",
	            "Parent Relationship": "Outer",
	            "Parallel Aware": false,
	            "Relation Name": "pg_authid",
	            "Alias": "u",
	            "Startup Cost": 0.00,
	            "Total Cost": 1.09,
	            "Plan Rows": 9,
	            "Plan Width": 68,
	            "Actual Startup Time": 0.010,
	            "Actual Total Time": 0.013,
	            "Actual Rows": 9,
	            "Actual Loops": 1,
	            "Shared Hit Blocks": 1,
	            "Shared Read Blocks": 0,
	            "Shared Dirtied Blocks": 0,
	            "Shared Written Blocks": 0,
	            "Local Hit Blocks": 0,
	            "Local Read Blocks": 0,
	            "Local Dirtied Blocks": 0,
	            "Local Written Blocks": 0,
	            "Temp Read Blocks": 0,
	            "Temp Written Blocks": 0,
	            "WAL Records": 0,
	            "WAL FPI": 0,
	            "WAL Bytes": 0
	          },
	          {
	            "Node Type": "Hash",
	            "Parent Relationship": "Inner",
	            "Parallel Aware": false,
	            "Startup Cost": 1.25,
	            "Total Cost": 1.25,
	            "Plan Rows": 1,
	            "Plan Width": 116,
	            "Actual Startup Time": 0.073,
	            "Actual Total Time": 0.074,
	            "Actual Rows": 1,
	            "Actual Loops": 1,
	            "Hash Buckets": 1024,
	            "Original Hash Buckets": 1024,
	            "Hash Batches": 1,
	            "Original Hash Batches": 1,
	            "Peak Memory Usage": 9,
	            "Shared Hit Blocks": 0,
	            "Shared Read Blocks": 0,
	            "Shared Dirtied Blocks": 0,
	            "Shared Written Blocks": 0,
	            "Local Hit Blocks": 0,
	            "Local Read Blocks": 0,
	            "Local Dirtied Blocks": 0,
	            "Local Written Blocks": 0,
	            "Temp Read Blocks": 0,
	            "Temp Written Blocks": 0,
	            "WAL Records": 0,
	            "WAL FPI": 0,
	            "WAL Bytes": 0,
	            "Plans": [
	              {
	                "Node Type": "Function Scan",
	                "Parent Relationship": "Outer",
	                "Parallel Aware": false,
	                "Function Name": "pg_stat_get_activity",
	                "Alias": "s",
	                "Startup Cost": 0.00,
	                "Total Cost": 1.25,
	                "Plan Rows": 1,
	                "Plan Width": 116,
	                "Actual Startup Time": 0.065,
	                "Actual Total Time": 0.067,
	                "Actual Rows": 1,
	                "Actual Loops": 1,
	                "Filter": "(state = 'active'::text)",
	                "Rows Removed by Filter": 5,
	                "Shared Hit Blocks": 0,
	                "Shared Read Blocks": 0,
	                "Shared Dirtied Blocks": 0,
	                "Shared Written Blocks": 0,
	                "Local Hit Blocks": 0,
	                "Local Read Blocks": 0,
	                "Local Dirtied Blocks": 0,
	                "Local Written Blocks": 0,
	                "Temp Read Blocks": 0,
	                "Temp Written Blocks": 0,
	                "WAL Records": 0,
	                "WAL FPI": 0,
	                "WAL Bytes": 0
	              }
	            ]
	          }
	        ]
	      },
	      {
	        "Node Type": "Seq Scan",
	        "Parent Relationship": "Inner",
	        "Parallel Aware": false,
	        "Relation Name": "pg_database",
	        "Alias": "d",
	        "Startup Cost": 0.00,
	        "Total Cost": 1.02,
	        "Plan Rows": 2,
	        "Plan Width": 68,
	        "Actual Startup Time": 0.004,
	        "Actual Total Time": 0.004,
	        "Actual Rows": 1,
	        "Actual Loops": 1,
	        "Shared Hit Blocks": 1,
	        "Shared Read Blocks": 0,
	        "Shared Dirtied Blocks": 0,
	        "Shared Written Blocks": 0,
	        "Local Hit Blocks": 0,
	        "Local Read Blocks": 0,
	        "Local Dirtied Blocks": 0,
	        "Local Written Blocks": 0,
	        "Temp Read Blocks": 0,
	        "Temp Written Blocks": 0,
	        "WAL Records": 0,
	        "WAL FPI": 0,
	        "WAL Bytes": 0
	      }
	    ]
	  }
	}
2024-11-21 09:50:03.931 CST [3692005] LOG:  statement: SELECT pid, usename, datname, state, query, query_start,wait_event_type FROM pg_stat_activity WHERE state = 'active';
2024-11-21 09:50:03.932 CST [3692005] LOG:  duration: 0.141 ms  plan:
	{
	  "Query Text": "SELECT pid, usename, datname, state, query, query_start,wait_event_type FROM pg_stat_activity WHERE state = 'active';",
	  "Plan": {
	    "Node Type": "Nested Loop",
	    "Parallel Aware": false,
	    "Join Type": "Left",
	    "Startup Cost": 1.26,
	    "Total Cost": 3.44,
	    "Plan Rows": 1,
	    "Plan Width": 236,
	    "Actual Startup Time": 0.103,
	    "Actual Total Time": 0.124,
	    "Actual Rows": 1,
	    "Actual Loops": 1,
	    "Inner Unique": true,
	    "Join Filter": "(s.datid = d.oid)",
	    "Rows Removed by Join Filter": 0,
	    "Shared Hit Blocks": 2,
	    "Shared Read Blocks": 0,
	    "Shared Dirtied Blocks": 0,
	    "Shared Written Blocks": 0,
	    "Local Hit Blocks": 0,
	    "Local Read Blocks": 0,
	    "Local Dirtied Blocks": 0,
	    "Local Written Blocks": 0,
	    "Temp Read Blocks": 0,
	    "Temp Written Blocks": 0,
	    "WAL Records": 0,
	    "WAL FPI": 0,
	    "WAL Bytes": 0,
	    "Plans": [
	      {
	        "Node Type": "Hash Join",
	        "Parent Relationship": "Outer",
	        "Parallel Aware": false,
	        "Join Type": "Right",
	        "Startup Cost": 1.26,
	        "Total Cost": 2.40,
	        "Plan Rows": 1,
	        "Plan Width": 176,
	        "Actual Startup Time": 0.095,
	        "Actual Total Time": 0.115,
	        "Actual Rows": 1,
	        "Actual Loops": 1,
	        "Inner Unique": false,
	        "Hash Cond": "(u.oid = s.usesysid)",
	        "Shared Hit Blocks": 1,
	        "Shared Read Blocks": 0,
	        "Shared Dirtied Blocks": 0,
	        "Shared Written Blocks": 0,
	        "Local Hit Blocks": 0,
	        "Local Read Blocks": 0,
	        "Local Dirtied Blocks": 0,
	        "Local Written Blocks": 0,
	        "Temp Read Blocks": 0,
	        "Temp Written Blocks": 0,
	        "WAL Records": 0,
	        "WAL FPI": 0,
	        "WAL Bytes": 0,
	        "Plans": [
	          {
	            "Node Type": "Seq Scan",
	            "Parent Relationship": "Outer",
	            "Parallel Aware": false,
	            "Relation Name": "pg_authid",
	            "Alias": "u",
	            "Startup Cost": 0.00,
	            "Total Cost": 1.09,
	            "Plan Rows": 9,
	            "Plan Width": 68,
	            "Actual Startup Time": 0.009,
	            "Actual Total Time": 0.013,
	            "Actual Rows": 9,
	            "Actual Loops": 1,
	            "Shared Hit Blocks": 1,
	            "Shared Read Blocks": 0,
	            "Shared Dirtied Blocks": 0,
	            "Shared Written Blocks": 0,
	            "Local Hit Blocks": 0,
	            "Local Read Blocks": 0,
	            "Local Dirtied Blocks": 0,
	            "Local Written Blocks": 0,
	            "Temp Read Blocks": 0,
	            "Temp Written Blocks": 0,
	            "WAL Records": 0,
	            "WAL FPI": 0,
	            "WAL Bytes": 0
	          },
	          {
	            "Node Type": "Hash",
	            "Parent Relationship": "Inner",
	            "Parallel Aware": false,
	            "Startup Cost": 1.25,
	            "Total Cost": 1.25,
	            "Plan Rows": 1,
	            "Plan Width": 116,
	            "Actual Startup Time": 0.073,
	            "Actual Total Time": 0.074,
	            "Actual Rows": 1,
	            "Actual Loops": 1,
	            "Hash Buckets": 1024,
	            "Original Hash Buckets": 1024,
	            "Hash Batches": 1,
	            "Original Hash Batches": 1,
	            "Peak Memory Usage": 9,
	            "Shared Hit Blocks": 0,
	            "Shared Read Blocks": 0,
	            "Shared Dirtied Blocks": 0,
	            "Shared Written Blocks": 0,
	            "Local Hit Blocks": 0,
	            "Local Read Blocks": 0,
	            "Local Dirtied Blocks": 0,
	            "Local Written Blocks": 0,
	            "Temp Read Blocks": 0,
	            "Temp Written Blocks": 0,
	            "WAL Records": 0,
	            "WAL FPI": 0,
	            "WAL Bytes": 0,
	            "Plans": [
	              {
	                "Node Type": "Function Scan",
	                "Parent Relationship": "Outer",
	                "Parallel Aware": false,
	                "Function Name": "pg_stat_get_activity",
	                "Alias": "s",
	                "Startup Cost": 0.00,
	                "Total Cost": 1.25,
	                "Plan Rows": 1,
	                "Plan Width": 116,
	                "Actual Startup Time": 0.066,
	                "Actual Total Time": 0.068,
	                "Actual Rows": 1,
	                "Actual Loops": 1,
	                "Filter": "(state = 'active'::text)",
	                "Rows Removed by Filter": 5,
	                "Shared Hit Blocks": 0,
	                "Shared Read Blocks": 0,
	                "Shared Dirtied Blocks": 0,
	                "Shared Written Blocks": 0,
	                "Local Hit Blocks": 0,
	                "Local Read Blocks": 0,
	                "Local Dirtied Blocks": 0,
	                "Local Written Blocks": 0,
	                "Temp Read Blocks": 0,
	                "Temp Written Blocks": 0,
	                "WAL Records": 0,
	                "WAL FPI": 0,
	                "WAL Bytes": 0
	              }
	            ]
	          }
	        ]
	      },
	      {
	        "Node Type": "Seq Scan",
	        "Parent Relationship": "Inner",
	        "Parallel Aware": false,
	        "Relation Name": "pg_database",
	        "Alias": "d",
	        "Startup Cost": 0.00,
	        "Total Cost": 1.02,
	        "Plan Rows": 2,
	        "Plan Width": 68,
	        "Actual Startup Time": 0.004,
	        "Actual Total Time": 0.004,
	        "Actual Rows": 1,
	        "Actual Loops": 1,
	        "Shared Hit Blocks": 1,
	        "Shared Read Blocks": 0,
	        "Shared Dirtied Blocks": 0,
	        "Shared Written Blocks": 0,
	        "Local Hit Blocks": 0,
	        "Local Read Blocks": 0,
	        "Local Dirtied Blocks": 0,
	        "Local Written Blocks": 0,
	        "Temp Read Blocks": 0,
	        "Temp Written Blocks": 0,
	        "WAL Records": 0,
	        "WAL FPI": 0,
	        "WAL Bytes": 0
	      }
	    ]
	  }
	}
2024-11-21 10:05:26.262 CST [3691146] LOG:  received fast shutdown request
2024-11-21 10:05:26.263 CST [3691146] LOG:  aborting any active transactions
2024-11-21 10:05:26.263 CST [3692005] FATAL:  terminating connection due to administrator command
2024-11-21 10:05:26.263 CST [3691146] LOG:  background worker "logical replication launcher" (PID 3691162) exited with exit code 1
2024-11-21 10:05:26.264 CST [3691157] LOG:  shutting down
2024-11-21 10:05:26.272 CST [3691146] LOG:  database system is shut down
