2024-11-26 15:02:06.966 CST [3053727] LOG:  starting PostgreSQL 13.10 on x86_64-pc-linux-gnu, compiled by gcc (Ubuntu 11.4.0-2ubuntu1~20.04) 11.4.0, 64-bit
2024-11-26 15:02:06.966 CST [3053727] LOG:  listening on IPv4 address "127.0.0.1", port 33333
2024-11-26 15:02:06.968 CST [3053727] LOG:  listening on Unix socket "/tmp/.s.PGSQL.33333"
2024-11-26 15:02:06.971 CST [3053729] LOG:  database system was shut down at 2024-11-26 15:02:04 CST
2024-11-26 15:02:06.976 CST [3053727] LOG:  database system is ready to accept connections
2024-11-26 15:02:17.330 CST [3053895] ERROR:  syntax error at or near "select" at character 101
2024-11-26 15:02:17.330 CST [3053895] STATEMENT:  select t.a,t.b,t.c from t left join (select sum(d.a) as p from d group by d.a) as kk on t.a = kk.p
	 select t.a,t.b,t.c from t left join (select sum(d.a) from d group by d.a) as kk on t.a = kk.sum(d.a);
2024-11-26 15:02:33.062 CST [3053895] LOG:  statement: select t.a,t.b,t.c from t left join (select sum(d.a) as p from d group by d.a) as kk on t.a = kk.p;
2024-11-26 15:02:33.070 CST [3053895] LOG:  duration: 0.248 ms  plan:
	{
	  "Query Text": "select t.a,t.b,t.c from t left join (select sum(d.a) as p from d group by d.a) as kk on t.a = kk.p;",
	  "Plan": {
	    "Node Type": "Hash Join",
	    "Parallel Aware": false,
	    "Join Type": "Left",
	    "Startup Cost": 47.10,
	    "Total Cost": 154.00,
	    "Plan Rows": 2040,
	    "Plan Width": 12,
	    "Actual Startup Time": 0.222,
	    "Actual Total Time": 0.230,
	    "Actual Rows": 4,
	    "Actual Loops": 1,
	    "Output": ["t.a", "t.b", "t.c"],
	    "Inner Unique": false,
	    "Hash Cond": "(t.a = kk.p)",
	    "Shared Hit Blocks": 3,
	    "Shared Read Blocks": 1,
	    "Shared Dirtied Blocks": 0,
	    "Shared Written Blocks": 0,
	    "Local Hit Blocks": 0,
	    "Local Read Blocks": 0,
	    "Local Dirtied Blocks": 0,
	    "Local Written Blocks": 0,
	    "Temp Read Blocks": 0,
	    "Temp Written Blocks": 0,
	    "WAL Records": 0,
	    "WAL FPI": 0,
	    "WAL Bytes": 0,
	    "Plans": [
	      {
	        "Node Type": "Seq Scan",
	        "Parent Relationship": "Outer",
	        "Parallel Aware": false,
	        "Relation Name": "t",
	        "Schema": "public",
	        "Alias": "t",
	        "Startup Cost": 0.00,
	        "Total Cost": 30.40,
	        "Plan Rows": 2040,
	        "Plan Width": 12,
	        "Actual Startup Time": 0.151,
	        "Actual Total Time": 0.153,
	        "Actual Rows": 4,
	        "Actual Loops": 1,
	        "Output": ["t.a", "t.b", "t.c"],
	        "Shared Hit Blocks": 0,
	        "Shared Read Blocks": 1,
	        "Shared Dirtied Blocks": 0,
	        "Shared Written Blocks": 0,
	        "Local Hit Blocks": 0,
	        "Local Read Blocks": 0,
	        "Local Dirtied Blocks": 0,
	        "Local Written Blocks": 0,
	        "Temp Read Blocks": 0,
	        "Temp Written Blocks": 0,
	        "WAL Records": 0,
	        "WAL FPI": 0,
	        "WAL Bytes": 0
	      },
	      {
	        "Node Type": "Hash",
	        "Parent Relationship": "Inner",
	        "Parallel Aware": false,
	        "Startup Cost": 44.60,
	        "Total Cost": 44.60,
	        "Plan Rows": 200,
	        "Plan Width": 8,
	        "Actual Startup Time": 0.008,
	        "Actual Total Time": 0.010,
	        "Actual Rows": 0,
	        "Actual Loops": 1,
	        "Output": ["kk.p"],
	        "Hash Buckets": 1024,
	        "Original Hash Buckets": 1024,
	        "Hash Batches": 1,
	        "Original Hash Batches": 1,
	        "Peak Memory Usage": 8,
	        "Shared Hit Blocks": 0,
	        "Shared Read Blocks": 0,
	        "Shared Dirtied Blocks": 0,
	        "Shared Written Blocks": 0,
	        "Local Hit Blocks": 0,
	        "Local Read Blocks": 0,
	        "Local Dirtied Blocks": 0,
	        "Local Written Blocks": 0,
	        "Temp Read Blocks": 0,
	        "Temp Written Blocks": 0,
	        "WAL Records": 0,
	        "WAL FPI": 0,
	        "WAL Bytes": 0,
	        "Plans": [
	          {
	            "Node Type": "Subquery Scan",
	            "Parent Relationship": "Outer",
	            "Parallel Aware": false,
	            "Alias": "kk",
	            "Startup Cost": 40.60,
	            "Total Cost": 44.60,
	            "Plan Rows": 200,
	            "Plan Width": 8,
	            "Actual Startup Time": 0.008,
	            "Actual Total Time": 0.009,
	            "Actual Rows": 0,
	            "Actual Loops": 1,
	            "Output": ["kk.p"],
	            "Shared Hit Blocks": 0,
	            "Shared Read Blocks": 0,
	            "Shared Dirtied Blocks": 0,
	            "Shared Written Blocks": 0,
	            "Local Hit Blocks": 0,
	            "Local Read Blocks": 0,
	            "Local Dirtied Blocks": 0,
	            "Local Written Blocks": 0,
	            "Temp Read Blocks": 0,
	            "Temp Written Blocks": 0,
	            "WAL Records": 0,
	            "WAL FPI": 0,
	            "WAL Bytes": 0,
	            "Plans": [
	              {
	                "Node Type": "Aggregate",
	                "Strategy": "Hashed",
	                "Partial Mode": "Simple",
	                "Parent Relationship": "Subquery",
	                "Parallel Aware": false,
	                "Startup Cost": 40.60,
	                "Total Cost": 42.60,
	                "Plan Rows": 200,
	                "Plan Width": 12,
	                "Actual Startup Time": 0.007,
	                "Actual Total Time": 0.007,
	                "Actual Rows": 0,
	                "Actual Loops": 1,
	                "Output": ["sum(d.a)", "d.a"],
	                "Group Key": ["d.a"],
	                "Planned Partitions": 0,
	                "HashAgg Batches": 1,
	                "Peak Memory Usage": 40,
	                "Disk Usage": 0,
	                "Shared Hit Blocks": 0,
	                "Shared Read Blocks": 0,
	                "Shared Dirtied Blocks": 0,
	                "Shared Written Blocks": 0,
	                "Local Hit Blocks": 0,
	                "Local Read Blocks": 0,
	                "Local Dirtied Blocks": 0,
	                "Local Written Blocks": 0,
	                "Temp Read Blocks": 0,
	                "Temp Written Blocks": 0,
	                "WAL Records": 0,
	                "WAL FPI": 0,
	                "WAL Bytes": 0,
	                "Plans": [
	                  {
	                    "Node Type": "Seq Scan",
	                    "Parent Relationship": "Outer",
	                    "Parallel Aware": false,
	                    "Relation Name": "d",
	                    "Schema": "public",
	                    "Alias": "d",
	                    "Startup Cost": 0.00,
	                    "Total Cost": 30.40,
	                    "Plan Rows": 2040,
	                    "Plan Width": 4,
	                    "Actual Startup Time": 0.002,
	                    "Actual Total Time": 0.002,
	                    "Actual Rows": 0,
	                    "Actual Loops": 1,
	                    "Output": ["d.a", "d.b", "d.c"],
	                    "Shared Hit Blocks": 0,
	                    "Shared Read Blocks": 0,
	                    "Shared Dirtied Blocks": 0,
	                    "Shared Written Blocks": 0,
	                    "Local Hit Blocks": 0,
	                    "Local Read Blocks": 0,
	                    "Local Dirtied Blocks": 0,
	                    "Local Written Blocks": 0,
	                    "Temp Read Blocks": 0,
	                    "Temp Written Blocks": 0,
	                    "WAL Records": 0,
	                    "WAL FPI": 0,
	                    "WAL Bytes": 0
	                  }
	                ]
	              }
	            ]
	          }
	        ]
	      }
	    ]
	  }
	}
2024-11-26 21:41:56.060 CST [3053727] LOG:  received fast shutdown request
2024-11-26 21:41:56.061 CST [3053727] LOG:  aborting any active transactions
2024-11-26 21:41:56.062 CST [3053727] LOG:  background worker "logical replication launcher" (PID 3053735) exited with exit code 1
2024-11-26 21:41:56.062 CST [3053730] LOG:  shutting down
2024-11-26 21:41:56.069 CST [3053727] LOG:  database system is shut down
